The system is: Darwin - 13.0.0 - i386
Compiling the C compiler identification source file "CMakeCCompilerId.c" succeeded.
Compiler: /usr/bin/gcc 
Build flags: 
Id flags: 

The output was:
0


Compilation of the C compiler identification source "CMakeCCompilerId.c" produced "a.out"

The C compiler identification is Clang, found in "/Users/yeahugo/Documents/Search/Computer Vision/MyGestureRecognition/build/CMakeFiles/CompilerIdC/a.out"

Compiling the CXX compiler identification source file "CMakeCXXCompilerId.cpp" succeeded.
Compiler: /usr/bin/g++ 
Build flags: 
Id flags: 

The output was:
0


Compilation of the CXX compiler identification source "CMakeCXXCompilerId.cpp" produced "a.out"

The CXX compiler identification is Clang, found in "/Users/yeahugo/Documents/Search/Computer Vision/MyGestureRecognition/build/CMakeFiles/CompilerIdCXX/a.out"

Determining if the C compiler works passed with the following output:
Change Dir: /Users/yeahugo/Documents/Search/Computer Vision/MyGestureRecognition/build/CMakeFiles/CMakeTmp

Run Build Command:/usr/local/Cellar/cmake/2.8.9/bin/cmakexbuild -project CMAKE_TRY_COMPILE.xcodeproj build -target cmTryCompileExec836930884 -configuration Debug
=== BUILD TARGET cmTryCompileExec836930884 OF PROJECT CMAKE_TRY_COMPILE WITH CONFIGURATION Debug ===

Check dependencies

CompileC CMAKE_TRY_COMPILE.build/Debug/cmTryCompileExec836930884.build/Objects-normal/x86_64/testCCompiler.o testCCompiler.c normal x86_64 c com.apple.compilers.llvm.clang.1_0.compiler
    cd "/Users/yeahugo/Documents/Search/Computer Vision/MyGestureRecognition/build/CMakeFiles/CMakeTmp"
    /Applications/Xcode.app/Contents/Developer/Toolchains/XcodeDefault.xctoolchain/usr/bin/clang -x c -arch x86_64 -fmessage-length=0 -fdiagnostics-show-note-include-stack -fmacro-backtrace-limit=0 -Wno-trigraphs -fpascal-strings -O0 -Wno-missing-field-initializers -Wno-missing-prototypes -Wno-return-type -Wno-missing-braces -Wparentheses -Wswitch -Wno-unused-function -Wno-unused-label -Wno-unused-parameter -Wno-unused-variable -Wunused-value -Wno-empty-body -Wno-uninitialized -Wno-unknown-pragmas -Wno-shadow -Wno-four-char-constants -Wno-conversion -Wno-constant-conversion -Wno-int-conversion -Wno-bool-conversion -Wno-enum-conversion -Wno-shorten-64-to-32 -Wpointer-sign -Wno-newline-eof -DCMAKE_INTDIR=\"Debug\" -isysroot /Applications/Xcode.app/Contents/Developer/Platforms/MacOSX.platform/Developer/SDKs/MacOSX10.9.sdk -fasm-blocks -fstrict-aliasing -Wdeprecated-declarations -mmacosx-version-min=10.9 -g -Wno-sign-conversion -I/Users/yeahugo/Documents/Search/Computer\ Vision/MyGestureRecognition/build/CMakeFiles/CMakeTmp/Debug/include -I/Applications/Xcode.app/Contents/Developer/Toolchains/XcodeDefault.xctoolchain/usr/include -I/Users/yeahugo/Documents/Search/Computer\ Vision/MyGestureRecognition/build/CMakeFiles/CMakeTmp/CMAKE_TRY_COMPILE.build/Debug/cmTryCompileExec836930884.build/DerivedSources/x86_64 -I/Users/yeahugo/Documents/Search/Computer\ Vision/MyGestureRecognition/build/CMakeFiles/CMakeTmp/CMAKE_TRY_COMPILE.build/Debug/cmTryCompileExec836930884.build/DerivedSources -Wmost -Wno-four-char-constants -Wno-unknown-pragmas -F/Users/yeahugo/Documents/Search/Computer\ Vision/MyGestureRecognition/build/CMakeFiles/CMakeTmp/Debug -MMD -MT dependencies -MF /Users/yeahugo/Documents/Search/Computer\ Vision/MyGestureRecognition/build/CMakeFiles/CMakeTmp/CMAKE_TRY_COMPILE.build/Debug/cmTryCompileExec836930884.build/Objects-normal/x86_64/testCCompiler.d --serialize-diagnostics /Users/yeahugo/Documents/Search/Computer\ Vision/MyGestureRecognition/build/CMakeFiles/CMakeTmp/CMAKE_TRY_COMPILE.build/Debug/cmTryCompileExec836930884.build/Objects-normal/x86_64/testCCompiler.dia -c /Users/yeahugo/Documents/Search/Computer\ Vision/MyGestureRecognition/build/CMakeFiles/CMakeTmp/testCCompiler.c -o /Users/yeahugo/Documents/Search/Computer\ Vision/MyGestureRecognition/build/CMakeFiles/CMakeTmp/CMAKE_TRY_COMPILE.build/Debug/cmTryCompileExec836930884.build/Objects-normal/x86_64/testCCompiler.o

Ld Debug/cmTryCompileExec836930884 normal x86_64
    cd "/Users/yeahugo/Documents/Search/Computer Vision/MyGestureRecognition/build/CMakeFiles/CMakeTmp"
    /Applications/Xcode.app/Contents/Developer/Toolchains/XcodeDefault.xctoolchain/usr/bin/clang -arch x86_64 -isysroot /Applications/Xcode.app/Contents/Developer/Platforms/MacOSX.platform/Developer/SDKs/MacOSX10.9.sdk -L/Users/yeahugo/Documents/Search/Computer\ Vision/MyGestureRecognition/build/CMakeFiles/CMakeTmp/Debug -F/Users/yeahugo/Documents/Search/Computer\ Vision/MyGestureRecognition/build/CMakeFiles/CMakeTmp/Debug -filelist /Users/yeahugo/Documents/Search/Computer\ Vision/MyGestureRecognition/build/CMakeFiles/CMakeTmp/CMAKE_TRY_COMPILE.build/Debug/cmTryCompileExec836930884.build/Objects-normal/x86_64/cmTryCompileExec836930884.LinkFileList -mmacosx-version-min=10.9 -Wl,-search_paths_first -Wl,-headerpad_max_install_names -Xlinker -dependency_info -Xlinker /Users/yeahugo/Documents/Search/Computer\ Vision/MyGestureRecognition/build/CMakeFiles/CMakeTmp/CMAKE_TRY_COMPILE.build/Debug/cmTryCompileExec836930884.build/Objects-normal/x86_64/cmTryCompileExec836930884_dependency_info.dat -o /Users/yeahugo/Documents/Search/Computer\ Vision/MyGestureRecognition/build/CMakeFiles/CMakeTmp/Debug/cmTryCompileExec836930884

PhaseScriptExecution CMake\ PostBuild\ Rules CMAKE_TRY_COMPILE.build/Debug/cmTryCompileExec836930884.build/Script-A76022CD229747FD8D27E431.sh
    cd "/Users/yeahugo/Documents/Search/Computer Vision/MyGestureRecognition/build/CMakeFiles/CMakeTmp"
    /bin/sh -c \"/Users/yeahugo/Documents/Search/Computer\ Vision/MyGestureRecognition/build/CMakeFiles/CMakeTmp/CMAKE_TRY_COMPILE.build/Debug/cmTryCompileExec836930884.build/Script-A76022CD229747FD8D27E431.sh\"
echo "Depend check for xcode"
Depend check for xcode
cd /Users/yeahugo/Documents/Search/Computer\ Vision/MyGestureRecognition/build/CMakeFiles/CMakeTmp && make -C /Users/yeahugo/Documents/Search/Computer\ Vision/MyGestureRecognition/build/CMakeFiles/CMakeTmp -f /Users/yeahugo/Documents/Search/Computer\ Vision/MyGestureRecognition/build/CMakeFiles/CMakeTmp/CMakeScripts/XCODE_DEPEND_HELPER.make PostBuild.cmTryCompileExec836930884.Debug
make[1]: Nothing to be done for `PostBuild.cmTryCompileExec836930884.Debug'.

** BUILD SUCCEEDED **



Detecting C compiler ABI info compiled with the following output:
Change Dir: /Users/yeahugo/Documents/Search/Computer Vision/MyGestureRecognition/build/CMakeFiles/CMakeTmp

Run Build Command:/usr/local/Cellar/cmake/2.8.9/bin/cmakexbuild -project CMAKE_TRY_COMPILE.xcodeproj build -target cmTryCompileExec4028745938 -configuration Debug
=== BUILD TARGET cmTryCompileExec4028745938 OF PROJECT CMAKE_TRY_COMPILE WITH CONFIGURATION Debug ===

Check dependencies

CompileC CMAKE_TRY_COMPILE.build/Debug/cmTryCompileExec4028745938.build/Objects-normal/x86_64/CMakeCCompilerABI.o /usr/local/Cellar/cmake/2.8.9/share/cmake/Modules/CMakeCCompilerABI.c normal x86_64 c com.apple.compilers.llvm.clang.1_0.compiler
    cd "/Users/yeahugo/Documents/Search/Computer Vision/MyGestureRecognition/build/CMakeFiles/CMakeTmp"
    /Applications/Xcode.app/Contents/Developer/Toolchains/XcodeDefault.xctoolchain/usr/bin/clang -x c -arch x86_64 -fmessage-length=0 -fdiagnostics-show-note-include-stack -fmacro-backtrace-limit=0 -Wno-trigraphs -fpascal-strings -O0 -Wno-missing-field-initializers -Wno-missing-prototypes -Wno-return-type -Wno-missing-braces -Wparentheses -Wswitch -Wno-unused-function -Wno-unused-label -Wno-unused-parameter -Wno-unused-variable -Wunused-value -Wno-empty-body -Wno-uninitialized -Wno-unknown-pragmas -Wno-shadow -Wno-four-char-constants -Wno-conversion -Wno-constant-conversion -Wno-int-conversion -Wno-bool-conversion -Wno-enum-conversion -Wno-shorten-64-to-32 -Wpointer-sign -Wno-newline-eof -DCMAKE_INTDIR=\"Debug\" -isysroot /Applications/Xcode.app/Contents/Developer/Platforms/MacOSX.platform/Developer/SDKs/MacOSX10.9.sdk -fasm-blocks -fstrict-aliasing -Wdeprecated-declarations -mmacosx-version-min=10.9 -g -Wno-sign-conversion -I/Users/yeahugo/Documents/Search/Computer\ Vision/MyGestureRecognition/build/CMakeFiles/CMakeTmp/Debug/include -I/Applications/Xcode.app/Contents/Developer/Toolchains/XcodeDefault.xctoolchain/usr/include -I/Users/yeahugo/Documents/Search/Computer\ Vision/MyGestureRecognition/build/CMakeFiles/CMakeTmp/CMAKE_TRY_COMPILE.build/Debug/cmTryCompileExec4028745938.build/DerivedSources/x86_64 -I/Users/yeahugo/Documents/Search/Computer\ Vision/MyGestureRecognition/build/CMakeFiles/CMakeTmp/CMAKE_TRY_COMPILE.build/Debug/cmTryCompileExec4028745938.build/DerivedSources -Wmost -Wno-four-char-constants -Wno-unknown-pragmas -F/Users/yeahugo/Documents/Search/Computer\ Vision/MyGestureRecognition/build/CMakeFiles/CMakeTmp/Debug -MMD -MT dependencies -MF /Users/yeahugo/Documents/Search/Computer\ Vision/MyGestureRecognition/build/CMakeFiles/CMakeTmp/CMAKE_TRY_COMPILE.build/Debug/cmTryCompileExec4028745938.build/Objects-normal/x86_64/CMakeCCompilerABI.d --serialize-diagnostics /Users/yeahugo/Documents/Search/Computer\ Vision/MyGestureRecognition/build/CMakeFiles/CMakeTmp/CMAKE_TRY_COMPILE.build/Debug/cmTryCompileExec4028745938.build/Objects-normal/x86_64/CMakeCCompilerABI.dia -c /usr/local/Cellar/cmake/2.8.9/share/cmake/Modules/CMakeCCompilerABI.c -o /Users/yeahugo/Documents/Search/Computer\ Vision/MyGestureRecognition/build/CMakeFiles/CMakeTmp/CMAKE_TRY_COMPILE.build/Debug/cmTryCompileExec4028745938.build/Objects-normal/x86_64/CMakeCCompilerABI.o

Ld Debug/cmTryCompileExec4028745938 normal x86_64
    cd "/Users/yeahugo/Documents/Search/Computer Vision/MyGestureRecognition/build/CMakeFiles/CMakeTmp"
    /Applications/Xcode.app/Contents/Developer/Toolchains/XcodeDefault.xctoolchain/usr/bin/clang -arch x86_64 -isysroot /Applications/Xcode.app/Contents/Developer/Platforms/MacOSX.platform/Developer/SDKs/MacOSX10.9.sdk -L/Users/yeahugo/Documents/Search/Computer\ Vision/MyGestureRecognition/build/CMakeFiles/CMakeTmp/Debug -F/Users/yeahugo/Documents/Search/Computer\ Vision/MyGestureRecognition/build/CMakeFiles/CMakeTmp/Debug -filelist /Users/yeahugo/Documents/Search/Computer\ Vision/MyGestureRecognition/build/CMakeFiles/CMakeTmp/CMAKE_TRY_COMPILE.build/Debug/cmTryCompileExec4028745938.build/Objects-normal/x86_64/cmTryCompileExec4028745938.LinkFileList -mmacosx-version-min=10.9 -v -Wl,-search_paths_first -Wl,-headerpad_max_install_names -Xlinker -dependency_info -Xlinker /Users/yeahugo/Documents/Search/Computer\ Vision/MyGestureRecognition/build/CMakeFiles/CMakeTmp/CMAKE_TRY_COMPILE.build/Debug/cmTryCompileExec4028745938.build/Objects-normal/x86_64/cmTryCompileExec4028745938_dependency_info.dat -o /Users/yeahugo/Documents/Search/Computer\ Vision/MyGestureRecognition/build/CMakeFiles/CMakeTmp/Debug/cmTryCompileExec4028745938
Apple LLVM version 5.0 (clang-500.2.79) (based on LLVM 3.3svn)
Target: x86_64-apple-darwin13.0.0
Thread model: posix
 "/Applications/Xcode.app/Contents/Developer/Toolchains/XcodeDefault.xctoolchain/usr/bin/ld" -demangle -dynamic -arch x86_64 -macosx_version_min 10.9.0 -syslibroot /Applications/Xcode.app/Contents/Developer/Platforms/MacOSX.platform/Developer/SDKs/MacOSX10.9.sdk -o "/Users/yeahugo/Documents/Search/Computer Vision/MyGestureRecognition/build/CMakeFiles/CMakeTmp/Debug/cmTryCompileExec4028745938" "-L/Users/yeahugo/Documents/Search/Computer Vision/MyGestureRecognition/build/CMakeFiles/CMakeTmp/Debug" -filelist "/Users/yeahugo/Documents/Search/Computer Vision/MyGestureRecognition/build/CMakeFiles/CMakeTmp/CMAKE_TRY_COMPILE.build/Debug/cmTryCompileExec4028745938.build/Objects-normal/x86_64/cmTryCompileExec4028745938.LinkFileList" -search_paths_first -headerpad_max_install_names -dependency_info "/Users/yeahugo/Documents/Search/Computer Vision/MyGestureRecognition/build/CMakeFiles/CMakeTmp/CMAKE_TRY_COMPILE.build/Debug/cmTryCompileExec4028745938.build/Objects-normal/x86_64/cmTryCompileExec4028745938_dependency_info.dat" -lSystem /Applications/Xcode.app/Contents/Developer/Toolchains/XcodeDefault.xctoolchain/usr/bin/../lib/clang/5.0/lib/darwin/libclang_rt.osx.a "-F/Users/yeahugo/Documents/Search/Computer Vision/MyGestureRecognition/build/CMakeFiles/CMakeTmp/Debug"

PhaseScriptExecution CMake\ PostBuild\ Rules CMAKE_TRY_COMPILE.build/Debug/cmTryCompileExec4028745938.build/Script-F32DE119BB7140D0B9CF379B.sh
    cd "/Users/yeahugo/Documents/Search/Computer Vision/MyGestureRecognition/build/CMakeFiles/CMakeTmp"
    /bin/sh -c \"/Users/yeahugo/Documents/Search/Computer\ Vision/MyGestureRecognition/build/CMakeFiles/CMakeTmp/CMAKE_TRY_COMPILE.build/Debug/cmTryCompileExec4028745938.build/Script-F32DE119BB7140D0B9CF379B.sh\"
echo "Depend check for xcode"
Depend check for xcode
cd /Users/yeahugo/Documents/Search/Computer\ Vision/MyGestureRecognition/build/CMakeFiles/CMakeTmp && make -C /Users/yeahugo/Documents/Search/Computer\ Vision/MyGestureRecognition/build/CMakeFiles/CMakeTmp -f /Users/yeahugo/Documents/Search/Computer\ Vision/MyGestureRecognition/build/CMakeFiles/CMakeTmp/CMakeScripts/XCODE_DEPEND_HELPER.make PostBuild.cmTryCompileExec4028745938.Debug
make[1]: Nothing to be done for `PostBuild.cmTryCompileExec4028745938.Debug'.

** BUILD SUCCEEDED **



Determining if the CXX compiler works passed with the following output:
Change Dir: /Users/yeahugo/Documents/Search/Computer Vision/MyGestureRecognition/build/CMakeFiles/CMakeTmp

Run Build Command:/usr/local/Cellar/cmake/2.8.9/bin/cmakexbuild -project CMAKE_TRY_COMPILE.xcodeproj build -target cmTryCompileExec919622195 -configuration Debug
=== BUILD TARGET cmTryCompileExec919622195 OF PROJECT CMAKE_TRY_COMPILE WITH CONFIGURATION Debug ===

Check dependencies

CompileC CMAKE_TRY_COMPILE.build/Debug/cmTryCompileExec919622195.build/Objects-normal/x86_64/testCXXCompiler.o testCXXCompiler.cxx normal x86_64 c++ com.apple.compilers.llvm.clang.1_0.compiler
    cd "/Users/yeahugo/Documents/Search/Computer Vision/MyGestureRecognition/build/CMakeFiles/CMakeTmp"
    /Applications/Xcode.app/Contents/Developer/Toolchains/XcodeDefault.xctoolchain/usr/bin/clang -x c++ -arch x86_64 -fmessage-length=0 -fdiagnostics-show-note-include-stack -fmacro-backtrace-limit=0 -Wno-trigraphs -fpascal-strings -O0 -Wno-missing-field-initializers -Wno-missing-prototypes -Wno-return-type -Wno-non-virtual-dtor -Wno-overloaded-virtual -Wno-exit-time-destructors -Wno-missing-braces -Wparentheses -Wswitch -Wno-unused-function -Wno-unused-label -Wno-unused-parameter -Wno-unused-variable -Wunused-value -Wno-empty-body -Wno-uninitialized -Wno-unknown-pragmas -Wno-shadow -Wno-four-char-constants -Wno-conversion -Wno-constant-conversion -Wno-int-conversion -Wno-bool-conversion -Wno-enum-conversion -Wno-shorten-64-to-32 -Wno-newline-eof -Wno-c++11-extensions -DCMAKE_INTDIR=\"Debug\" -isysroot /Applications/Xcode.app/Contents/Developer/Platforms/MacOSX.platform/Developer/SDKs/MacOSX10.9.sdk -fasm-blocks -fstrict-aliasing -Wdeprecated-declarations -Winvalid-offsetof -mmacosx-version-min=10.9 -Wno-sign-conversion -I/Users/yeahugo/Documents/Search/Computer\ Vision/MyGestureRecognition/build/CMakeFiles/CMakeTmp/Debug/include -I/Applications/Xcode.app/Contents/Developer/Toolchains/XcodeDefault.xctoolchain/usr/include -I/Users/yeahugo/Documents/Search/Computer\ Vision/MyGestureRecognition/build/CMakeFiles/CMakeTmp/CMAKE_TRY_COMPILE.build/Debug/cmTryCompileExec919622195.build/DerivedSources/x86_64 -I/Users/yeahugo/Documents/Search/Computer\ Vision/MyGestureRecognition/build/CMakeFiles/CMakeTmp/CMAKE_TRY_COMPILE.build/Debug/cmTryCompileExec919622195.build/DerivedSources -Wmost -Wno-four-char-constants -Wno-unknown-pragmas -F/Users/yeahugo/Documents/Search/Computer\ Vision/MyGestureRecognition/build/CMakeFiles/CMakeTmp/Debug -g -MMD -MT dependencies -MF /Users/yeahugo/Documents/Search/Computer\ Vision/MyGestureRecognition/build/CMakeFiles/CMakeTmp/CMAKE_TRY_COMPILE.build/Debug/cmTryCompileExec919622195.build/Objects-normal/x86_64/testCXXCompiler.d --serialize-diagnostics /Users/yeahugo/Documents/Search/Computer\ Vision/MyGestureRecognition/build/CMakeFiles/CMakeTmp/CMAKE_TRY_COMPILE.build/Debug/cmTryCompileExec919622195.build/Objects-normal/x86_64/testCXXCompiler.dia -c /Users/yeahugo/Documents/Search/Computer\ Vision/MyGestureRecognition/build/CMakeFiles/CMakeTmp/testCXXCompiler.cxx -o /Users/yeahugo/Documents/Search/Computer\ Vision/MyGestureRecognition/build/CMakeFiles/CMakeTmp/CMAKE_TRY_COMPILE.build/Debug/cmTryCompileExec919622195.build/Objects-normal/x86_64/testCXXCompiler.o

Ld Debug/cmTryCompileExec919622195 normal x86_64
    cd "/Users/yeahugo/Documents/Search/Computer Vision/MyGestureRecognition/build/CMakeFiles/CMakeTmp"
    /Applications/Xcode.app/Contents/Developer/Toolchains/XcodeDefault.xctoolchain/usr/bin/clang++ -arch x86_64 -isysroot /Applications/Xcode.app/Contents/Developer/Platforms/MacOSX.platform/Developer/SDKs/MacOSX10.9.sdk -L/Users/yeahugo/Documents/Search/Computer\ Vision/MyGestureRecognition/build/CMakeFiles/CMakeTmp/Debug -F/Users/yeahugo/Documents/Search/Computer\ Vision/MyGestureRecognition/build/CMakeFiles/CMakeTmp/Debug -filelist /Users/yeahugo/Documents/Search/Computer\ Vision/MyGestureRecognition/build/CMakeFiles/CMakeTmp/CMAKE_TRY_COMPILE.build/Debug/cmTryCompileExec919622195.build/Objects-normal/x86_64/cmTryCompileExec919622195.LinkFileList -mmacosx-version-min=10.9 -Wl,-search_paths_first -Wl,-headerpad_max_install_names -Xlinker -dependency_info -Xlinker /Users/yeahugo/Documents/Search/Computer\ Vision/MyGestureRecognition/build/CMakeFiles/CMakeTmp/CMAKE_TRY_COMPILE.build/Debug/cmTryCompileExec919622195.build/Objects-normal/x86_64/cmTryCompileExec919622195_dependency_info.dat -o /Users/yeahugo/Documents/Search/Computer\ Vision/MyGestureRecognition/build/CMakeFiles/CMakeTmp/Debug/cmTryCompileExec919622195

PhaseScriptExecution CMake\ PostBuild\ Rules CMAKE_TRY_COMPILE.build/Debug/cmTryCompileExec919622195.build/Script-6B8082DC31434FA78A7D8C84.sh
    cd "/Users/yeahugo/Documents/Search/Computer Vision/MyGestureRecognition/build/CMakeFiles/CMakeTmp"
    /bin/sh -c \"/Users/yeahugo/Documents/Search/Computer\ Vision/MyGestureRecognition/build/CMakeFiles/CMakeTmp/CMAKE_TRY_COMPILE.build/Debug/cmTryCompileExec919622195.build/Script-6B8082DC31434FA78A7D8C84.sh\"
echo "Depend check for xcode"
Depend check for xcode
cd /Users/yeahugo/Documents/Search/Computer\ Vision/MyGestureRecognition/build/CMakeFiles/CMakeTmp && make -C /Users/yeahugo/Documents/Search/Computer\ Vision/MyGestureRecognition/build/CMakeFiles/CMakeTmp -f /Users/yeahugo/Documents/Search/Computer\ Vision/MyGestureRecognition/build/CMakeFiles/CMakeTmp/CMakeScripts/XCODE_DEPEND_HELPER.make PostBuild.cmTryCompileExec919622195.Debug
make[1]: Nothing to be done for `PostBuild.cmTryCompileExec919622195.Debug'.

** BUILD SUCCEEDED **



Detecting CXX compiler ABI info compiled with the following output:
Change Dir: /Users/yeahugo/Documents/Search/Computer Vision/MyGestureRecognition/build/CMakeFiles/CMakeTmp

Run Build Command:/usr/local/Cellar/cmake/2.8.9/bin/cmakexbuild -project CMAKE_TRY_COMPILE.xcodeproj build -target cmTryCompileExec1430442689 -configuration Debug
=== BUILD TARGET cmTryCompileExec1430442689 OF PROJECT CMAKE_TRY_COMPILE WITH CONFIGURATION Debug ===

Check dependencies

CompileC CMAKE_TRY_COMPILE.build/Debug/cmTryCompileExec1430442689.build/Objects-normal/x86_64/CMakeCXXCompilerABI.o /usr/local/Cellar/cmake/2.8.9/share/cmake/Modules/CMakeCXXCompilerABI.cpp normal x86_64 c++ com.apple.compilers.llvm.clang.1_0.compiler
    cd "/Users/yeahugo/Documents/Search/Computer Vision/MyGestureRecognition/build/CMakeFiles/CMakeTmp"
    /Applications/Xcode.app/Contents/Developer/Toolchains/XcodeDefault.xctoolchain/usr/bin/clang -x c++ -arch x86_64 -fmessage-length=0 -fdiagnostics-show-note-include-stack -fmacro-backtrace-limit=0 -Wno-trigraphs -fpascal-strings -O0 -Wno-missing-field-initializers -Wno-missing-prototypes -Wno-return-type -Wno-non-virtual-dtor -Wno-overloaded-virtual -Wno-exit-time-destructors -Wno-missing-braces -Wparentheses -Wswitch -Wno-unused-function -Wno-unused-label -Wno-unused-parameter -Wno-unused-variable -Wunused-value -Wno-empty-body -Wno-uninitialized -Wno-unknown-pragmas -Wno-shadow -Wno-four-char-constants -Wno-conversion -Wno-constant-conversion -Wno-int-conversion -Wno-bool-conversion -Wno-enum-conversion -Wno-shorten-64-to-32 -Wno-newline-eof -Wno-c++11-extensions -DCMAKE_INTDIR=\"Debug\" -isysroot /Applications/Xcode.app/Contents/Developer/Platforms/MacOSX.platform/Developer/SDKs/MacOSX10.9.sdk -fasm-blocks -fstrict-aliasing -Wdeprecated-declarations -Winvalid-offsetof -mmacosx-version-min=10.9 -Wno-sign-conversion -I/Users/yeahugo/Documents/Search/Computer\ Vision/MyGestureRecognition/build/CMakeFiles/CMakeTmp/Debug/include -I/Applications/Xcode.app/Contents/Developer/Toolchains/XcodeDefault.xctoolchain/usr/include -I/Users/yeahugo/Documents/Search/Computer\ Vision/MyGestureRecognition/build/CMakeFiles/CMakeTmp/CMAKE_TRY_COMPILE.build/Debug/cmTryCompileExec1430442689.build/DerivedSources/x86_64 -I/Users/yeahugo/Documents/Search/Computer\ Vision/MyGestureRecognition/build/CMakeFiles/CMakeTmp/CMAKE_TRY_COMPILE.build/Debug/cmTryCompileExec1430442689.build/DerivedSources -Wmost -Wno-four-char-constants -Wno-unknown-pragmas -F/Users/yeahugo/Documents/Search/Computer\ Vision/MyGestureRecognition/build/CMakeFiles/CMakeTmp/Debug -g -MMD -MT dependencies -MF /Users/yeahugo/Documents/Search/Computer\ Vision/MyGestureRecognition/build/CMakeFiles/CMakeTmp/CMAKE_TRY_COMPILE.build/Debug/cmTryCompileExec1430442689.build/Objects-normal/x86_64/CMakeCXXCompilerABI.d --serialize-diagnostics /Users/yeahugo/Documents/Search/Computer\ Vision/MyGestureRecognition/build/CMakeFiles/CMakeTmp/CMAKE_TRY_COMPILE.build/Debug/cmTryCompileExec1430442689.build/Objects-normal/x86_64/CMakeCXXCompilerABI.dia -c /usr/local/Cellar/cmake/2.8.9/share/cmake/Modules/CMakeCXXCompilerABI.cpp -o /Users/yeahugo/Documents/Search/Computer\ Vision/MyGestureRecognition/build/CMakeFiles/CMakeTmp/CMAKE_TRY_COMPILE.build/Debug/cmTryCompileExec1430442689.build/Objects-normal/x86_64/CMakeCXXCompilerABI.o

Ld Debug/cmTryCompileExec1430442689 normal x86_64
    cd "/Users/yeahugo/Documents/Search/Computer Vision/MyGestureRecognition/build/CMakeFiles/CMakeTmp"
    /Applications/Xcode.app/Contents/Developer/Toolchains/XcodeDefault.xctoolchain/usr/bin/clang++ -arch x86_64 -isysroot /Applications/Xcode.app/Contents/Developer/Platforms/MacOSX.platform/Developer/SDKs/MacOSX10.9.sdk -L/Users/yeahugo/Documents/Search/Computer\ Vision/MyGestureRecognition/build/CMakeFiles/CMakeTmp/Debug -F/Users/yeahugo/Documents/Search/Computer\ Vision/MyGestureRecognition/build/CMakeFiles/CMakeTmp/Debug -filelist /Users/yeahugo/Documents/Search/Computer\ Vision/MyGestureRecognition/build/CMakeFiles/CMakeTmp/CMAKE_TRY_COMPILE.build/Debug/cmTryCompileExec1430442689.build/Objects-normal/x86_64/cmTryCompileExec1430442689.LinkFileList -mmacosx-version-min=10.9 -v -Wl,-search_paths_first -Wl,-headerpad_max_install_names -Xlinker -dependency_info -Xlinker /Users/yeahugo/Documents/Search/Computer\ Vision/MyGestureRecognition/build/CMakeFiles/CMakeTmp/CMAKE_TRY_COMPILE.build/Debug/cmTryCompileExec1430442689.build/Objects-normal/x86_64/cmTryCompileExec1430442689_dependency_info.dat -o /Users/yeahugo/Documents/Search/Computer\ Vision/MyGestureRecognition/build/CMakeFiles/CMakeTmp/Debug/cmTryCompileExec1430442689
Apple LLVM version 5.0 (clang-500.2.79) (based on LLVM 3.3svn)
Target: x86_64-apple-darwin13.0.0
Thread model: posix
 "/Applications/Xcode.app/Contents/Developer/Toolchains/XcodeDefault.xctoolchain/usr/bin/ld" -demangle -dynamic -arch x86_64 -macosx_version_min 10.9.0 -syslibroot /Applications/Xcode.app/Contents/Developer/Platforms/MacOSX.platform/Developer/SDKs/MacOSX10.9.sdk -o "/Users/yeahugo/Documents/Search/Computer Vision/MyGestureRecognition/build/CMakeFiles/CMakeTmp/Debug/cmTryCompileExec1430442689" "-L/Users/yeahugo/Documents/Search/Computer Vision/MyGestureRecognition/build/CMakeFiles/CMakeTmp/Debug" -filelist "/Users/yeahugo/Documents/Search/Computer Vision/MyGestureRecognition/build/CMakeFiles/CMakeTmp/CMAKE_TRY_COMPILE.build/Debug/cmTryCompileExec1430442689.build/Objects-normal/x86_64/cmTryCompileExec1430442689.LinkFileList" -search_paths_first -headerpad_max_install_names -dependency_info "/Users/yeahugo/Documents/Search/Computer Vision/MyGestureRecognition/build/CMakeFiles/CMakeTmp/CMAKE_TRY_COMPILE.build/Debug/cmTryCompileExec1430442689.build/Objects-normal/x86_64/cmTryCompileExec1430442689_dependency_info.dat" -lc++ -lSystem /Applications/Xcode.app/Contents/Developer/Toolchains/XcodeDefault.xctoolchain/usr/bin/../lib/clang/5.0/lib/darwin/libclang_rt.osx.a "-F/Users/yeahugo/Documents/Search/Computer Vision/MyGestureRecognition/build/CMakeFiles/CMakeTmp/Debug"

PhaseScriptExecution CMake\ PostBuild\ Rules CMAKE_TRY_COMPILE.build/Debug/cmTryCompileExec1430442689.build/Script-39576CBF950341C197BC2903.sh
    cd "/Users/yeahugo/Documents/Search/Computer Vision/MyGestureRecognition/build/CMakeFiles/CMakeTmp"
    /bin/sh -c \"/Users/yeahugo/Documents/Search/Computer\ Vision/MyGestureRecognition/build/CMakeFiles/CMakeTmp/CMAKE_TRY_COMPILE.build/Debug/cmTryCompileExec1430442689.build/Script-39576CBF950341C197BC2903.sh\"
echo "Depend check for xcode"
Depend check for xcode
cd /Users/yeahugo/Documents/Search/Computer\ Vision/MyGestureRecognition/build/CMakeFiles/CMakeTmp && make -C /Users/yeahugo/Documents/Search/Computer\ Vision/MyGestureRecognition/build/CMakeFiles/CMakeTmp -f /Users/yeahugo/Documents/Search/Computer\ Vision/MyGestureRecognition/build/CMakeFiles/CMakeTmp/CMakeScripts/XCODE_DEPEND_HELPER.make PostBuild.cmTryCompileExec1430442689.Debug
make[1]: Nothing to be done for `PostBuild.cmTryCompileExec1430442689.Debug'.

** BUILD SUCCEEDED **



